<?xml version="1.0" encoding="UTF-8"?>
<!-- Generated by org.testng.reporters.JUnitReportReporter -->
<testsuite skipped="0" hostname="DESKTOP-0AA0O4F" name="com.select.method.uses.UsingSelectMethods" tests="1" failures="0" timestamp="12 Oct 2018 14:03:18 GMT" time="10.038" errors="0">
  <testcase name="runMyProgram" time="10.038" classname="com.select.method.uses.UsingSelectMethods"/>
</testsuite> <!-- com.select.method.uses.UsingSelectMethods -->
