<?xml version="1.0" encoding="UTF-8"?>
<!-- Generated by org.testng.reporters.JUnitReportReporter -->
<testsuite skipped="0" hostname="DESKTOP-0AA0O4F" name="com.first.program.GetRun" tests="1" failures="0" timestamp="07 Oct 2018 14:53:09 GMT" time="8.555" errors="0">
  <testcase name="run" time="8.555" classname="com.first.program.GetRun"/>
</testsuite> <!-- com.first.program.GetRun -->
