<?xml version="1.0" encoding="UTF-8"?>
<!-- Generated by org.testng.reporters.JUnitReportReporter -->
<testsuite skipped="0" hostname="DESKTOP-0AA0O4F" name="SeleniumGrid.TestonGrid" tests="1" failures="0" timestamp="22 Oct 2018 19:23:25 GMT" time="16.940" errors="0">
  <testcase name="test1" time="16.940" classname="SeleniumGrid.TestonGrid"/>
</testsuite> <!-- SeleniumGrid.TestonGrid -->
